#-----------------------------------------------------------
# Vivado v2017.2 (64-bit)
# SW Build 1909853 on Thu Jun 15 18:39:09 MDT 2017
# IP Build 1909766 on Thu Jun 15 19:58:00 MDT 2017
# Start of session at: Thu Jul 20 21:08:30 2017
# Process ID: 9448
# Current directory: D:/VerilogProjects/Vivado/MIPS-Basys3
# Command line: vivado.exe -gui_launcher_event rodinguilauncherevent10884 D:\VerilogProjects\Vivado\MIPS-Basys3\MIPS-Basys3.xpr
# Log file: D:/VerilogProjects/Vivado/MIPS-Basys3/vivado.log
# Journal file: D:/VerilogProjects/Vivado/MIPS-Basys3\vivado.jou
#-----------------------------------------------------------
start_gui
open_project D:/VerilogProjects/Vivado/MIPS-Basys3/MIPS-Basys3.xpr
Scanning sources...
Finished scanning sources
WARNING: [Project 1-509] GeneratedRun file for 'synth_1' not found
WARNING: [Project 1-509] GeneratedRun file for 'impl_1' not found
WARNING: [filemgmt 56-3] IPUserFilesDir: Could not find the directory 'D:/VerilogProjects/Vivado/MIPS-Basys3/MIPS-Basys3.ip_user_files'.
INFO: [IP_Flow 19-234] Refreshing IP repositories
INFO: [IP_Flow 19-1704] No user IP repositories specified
INFO: [IP_Flow 19-2313] Loaded Vivado IP repository 'D:/Xilinx/Vivado/2017.2/data/ip'.
update_compile_order -fileset sources_1
launch_runs impl_1 -to_step write_bitstream -jobs 4
[Thu Jul 20 21:09:48 2017] Launched synth_1...
Run output will be captured here: D:/VerilogProjects/Vivado/MIPS-Basys3/MIPS-Basys3.runs/synth_1/runme.log
[Thu Jul 20 21:09:48 2017] Launched impl_1...
Run output will be captured here: D:/VerilogProjects/Vivado/MIPS-Basys3/MIPS-Basys3.runs/impl_1/runme.log
open_hw
connect_hw_server
INFO: [Labtools 27-2285] Connecting to hw_server url TCP:localhost:3121
open_hw_target
INFO: [Labtoolstcl 44-466] Opening hw_target localhost:3121/xilinx_tcf/Digilent/210183A37AC9A
set_property PROGRAM.FILE {D:/VerilogProjects/Vivado/MIPS-Basys3/MIPS-Basys3.runs/impl_1/SoC.bit} [get_hw_devices xc7a35t_0]
current_hw_device [get_hw_devices xc7a35t_0]
refresh_hw_device -update_hw_probes false [lindex [get_hw_devices xc7a35t_0] 0]
INFO: [Labtools 27-1434] Device xc7a35t (JTAG device index = 0) is programmed with a design that has no supported debug core(s) in it.
WARNING: [Labtools 27-3361] The debug hub core was not detected.
Resolution: 
1. Make sure the clock connected to the debug hub (dbg_hub) core is a free running clock and is active.
2. Make sure the BSCAN_SWITCH_USER_MASK device property in Vivado Hardware Manager reflects the user scan chain setting in the design and refresh the device.  To determine the user scan chain setting in the design, open the implemented design and use 'get_property C_USER_SCAN_CHAIN [get_debug_cores dbg_hub]'.
For more details on setting the scan chain property, consult the Vivado Debug and Programming User Guide (UG908).
set_property PROBES.FILE {} [get_hw_devices xc7a35t_0]
set_property FULL_PROBES.FILE {} [get_hw_devices xc7a35t_0]
set_property PROGRAM.FILE {D:/VerilogProjects/Vivado/MIPS-Basys3/MIPS-Basys3.runs/impl_1/SoC.bit} [get_hw_devices xc7a35t_0]
program_hw_devices [get_hw_devices xc7a35t_0]
INFO: [Labtools 27-3164] End of startup status: HIGH
refresh_hw_device [lindex [get_hw_devices xc7a35t_0] 0]
INFO: [Labtools 27-1434] Device xc7a35t (JTAG device index = 0) is programmed with a design that has no supported debug core(s) in it.
WARNING: [Labtools 27-3361] The debug hub core was not detected.
Resolution: 
1. Make sure the clock connected to the debug hub (dbg_hub) core is a free running clock and is active.
2. Make sure the BSCAN_SWITCH_USER_MASK device property in Vivado Hardware Manager reflects the user scan chain setting in the design and refresh the device.  To determine the user scan chain setting in the design, open the implemented design and use 'get_property C_USER_SCAN_CHAIN [get_debug_cores dbg_hub]'.
For more details on setting the scan chain property, consult the Vivado Debug and Programming User Guide (UG908).
reset_run synth_1
launch_runs synth_1 -jobs 4
[Thu Jul 20 21:35:14 2017] Launched synth_1...
Run output will be captured here: D:/VerilogProjects/Vivado/MIPS-Basys3/MIPS-Basys3.runs/synth_1/runme.log
launch_runs impl_1 -to_step write_bitstream -jobs 4
[Thu Jul 20 21:36:10 2017] Launched impl_1...
Run output will be captured here: D:/VerilogProjects/Vivado/MIPS-Basys3/MIPS-Basys3.runs/impl_1/runme.log
reset_run impl_1
close_hw
close_project
open_project D:/VerilogProjects/Vivado/MIPS-Basys3/MIPS-Basys3.xpr
Scanning sources...
Finished scanning sources
WARNING: [Project 1-509] GeneratedRun file for 'synth_1' not found
WARNING: [filemgmt 56-3] IPUserFilesDir: Could not find the directory 'D:/VerilogProjects/Vivado/MIPS-Basys3/MIPS-Basys3.ip_user_files'.
INFO: [IP_Flow 19-234] Refreshing IP repositories
INFO: [IP_Flow 19-1704] No user IP repositories specified
INFO: [IP_Flow 19-2313] Loaded Vivado IP repository 'D:/Xilinx/Vivado/2017.2/data/ip'.
update_compile_order -fileset sources_1
launch_runs impl_1 -to_step write_bitstream -jobs 4
[Thu Jul 20 21:43:00 2017] Launched synth_1...
Run output will be captured here: D:/VerilogProjects/Vivado/MIPS-Basys3/MIPS-Basys3.runs/synth_1/runme.log
[Thu Jul 20 21:43:00 2017] Launched impl_1...
Run output will be captured here: D:/VerilogProjects/Vivado/MIPS-Basys3/MIPS-Basys3.runs/impl_1/runme.log
open_hw
connect_hw_server
INFO: [Labtools 27-2285] Connecting to hw_server url TCP:localhost:3121
open_hw_target
INFO: [Labtoolstcl 44-466] Opening hw_target localhost:3121/xilinx_tcf/Digilent/210183A37AC9A
set_property PROGRAM.FILE {D:/VerilogProjects/Vivado/MIPS-Basys3/MIPS-Basys3.runs/impl_1/SoC.bit} [get_hw_devices xc7a35t_0]
current_hw_device [get_hw_devices xc7a35t_0]
refresh_hw_device -update_hw_probes false [lindex [get_hw_devices xc7a35t_0] 0]
INFO: [Labtools 27-1434] Device xc7a35t (JTAG device index = 0) is programmed with a design that has no supported debug core(s) in it.
WARNING: [Labtools 27-3361] The debug hub core was not detected.
Resolution: 
1. Make sure the clock connected to the debug hub (dbg_hub) core is a free running clock and is active.
2. Make sure the BSCAN_SWITCH_USER_MASK device property in Vivado Hardware Manager reflects the user scan chain setting in the design and refresh the device.  To determine the user scan chain setting in the design, open the implemented design and use 'get_property C_USER_SCAN_CHAIN [get_debug_cores dbg_hub]'.
For more details on setting the scan chain property, consult the Vivado Debug and Programming User Guide (UG908).
set_property PROBES.FILE {} [get_hw_devices xc7a35t_0]
set_property FULL_PROBES.FILE {} [get_hw_devices xc7a35t_0]
set_property PROGRAM.FILE {D:/VerilogProjects/Vivado/MIPS-Basys3/MIPS-Basys3.runs/impl_1/SoC.bit} [get_hw_devices xc7a35t_0]
program_hw_devices [get_hw_devices xc7a35t_0]
INFO: [Labtools 27-3164] End of startup status: HIGH
refresh_hw_device [lindex [get_hw_devices xc7a35t_0] 0]
INFO: [Labtools 27-1434] Device xc7a35t (JTAG device index = 0) is programmed with a design that has no supported debug core(s) in it.
WARNING: [Labtools 27-3361] The debug hub core was not detected.
Resolution: 
1. Make sure the clock connected to the debug hub (dbg_hub) core is a free running clock and is active.
2. Make sure the BSCAN_SWITCH_USER_MASK device property in Vivado Hardware Manager reflects the user scan chain setting in the design and refresh the device.  To determine the user scan chain setting in the design, open the implemented design and use 'get_property C_USER_SCAN_CHAIN [get_debug_cores dbg_hub]'.
For more details on setting the scan chain property, consult the Vivado Debug and Programming User Guide (UG908).
reset_run synth_1
launch_runs synth_1 -jobs 4
[Thu Jul 20 22:06:03 2017] Launched synth_1...
Run output will be captured here: D:/VerilogProjects/Vivado/MIPS-Basys3/MIPS-Basys3.runs/synth_1/runme.log
launch_runs impl_1 -to_step write_bitstream -jobs 4
[Thu Jul 20 22:06:51 2017] Launched impl_1...
Run output will be captured here: D:/VerilogProjects/Vivado/MIPS-Basys3/MIPS-Basys3.runs/impl_1/runme.log
set_property PROBES.FILE {} [get_hw_devices xc7a35t_0]
set_property FULL_PROBES.FILE {} [get_hw_devices xc7a35t_0]
set_property PROGRAM.FILE {D:/VerilogProjects/Vivado/MIPS-Basys3/MIPS-Basys3.runs/impl_1/SoC.bit} [get_hw_devices xc7a35t_0]
program_hw_devices [get_hw_devices xc7a35t_0]
INFO: [Labtools 27-3164] End of startup status: HIGH
refresh_hw_device [lindex [get_hw_devices xc7a35t_0] 0]
INFO: [Labtools 27-1434] Device xc7a35t (JTAG device index = 0) is programmed with a design that has no supported debug core(s) in it.
WARNING: [Labtools 27-3361] The debug hub core was not detected.
Resolution: 
1. Make sure the clock connected to the debug hub (dbg_hub) core is a free running clock and is active.
2. Make sure the BSCAN_SWITCH_USER_MASK device property in Vivado Hardware Manager reflects the user scan chain setting in the design and refresh the device.  To determine the user scan chain setting in the design, open the implemented design and use 'get_property C_USER_SCAN_CHAIN [get_debug_cores dbg_hub]'.
For more details on setting the scan chain property, consult the Vivado Debug and Programming User Guide (UG908).
reset_run synth_1
launch_runs synth_1 -jobs 4
[Thu Jul 20 22:31:09 2017] Launched synth_1...
Run output will be captured here: D:/VerilogProjects/Vivado/MIPS-Basys3/MIPS-Basys3.runs/synth_1/runme.log
launch_runs impl_1 -to_step write_bitstream -jobs 4
[Thu Jul 20 22:36:56 2017] Launched impl_1...
Run output will be captured here: D:/VerilogProjects/Vivado/MIPS-Basys3/MIPS-Basys3.runs/impl_1/runme.log
set_property PROBES.FILE {} [get_hw_devices xc7a35t_0]
set_property FULL_PROBES.FILE {} [get_hw_devices xc7a35t_0]
set_property PROGRAM.FILE {D:/VerilogProjects/Vivado/MIPS-Basys3/MIPS-Basys3.runs/impl_1/SoC.bit} [get_hw_devices xc7a35t_0]
program_hw_devices [get_hw_devices xc7a35t_0]
INFO: [Labtools 27-3164] End of startup status: HIGH
refresh_hw_device [lindex [get_hw_devices xc7a35t_0] 0]
INFO: [Labtools 27-1434] Device xc7a35t (JTAG device index = 0) is programmed with a design that has no supported debug core(s) in it.
WARNING: [Labtools 27-3361] The debug hub core was not detected.
Resolution: 
1. Make sure the clock connected to the debug hub (dbg_hub) core is a free running clock and is active.
2. Make sure the BSCAN_SWITCH_USER_MASK device property in Vivado Hardware Manager reflects the user scan chain setting in the design and refresh the device.  To determine the user scan chain setting in the design, open the implemented design and use 'get_property C_USER_SCAN_CHAIN [get_debug_cores dbg_hub]'.
For more details on setting the scan chain property, consult the Vivado Debug and Programming User Guide (UG908).
ERROR: [Labtoolstcl 44-513] HW Target shutdown. Closing target: localhost:3121/xilinx_tcf/Digilent/210183A37AC9A
exit
INFO: [Common 17-206] Exiting Vivado at Thu Jul 20 23:51:15 2017...
